<?xml version="1.0" encoding="UTF-8" ?>
<testsuite tests="1" failures="0" name="packt.selenium.chap3_9.SearchGoogleTest" time="4.316" errors="0" skipped="0">
  <properties>
    <property name="java.vendor" value="Oracle Corporation"/>
    <property name="JOB_NAME" value="Chapter3_9"/>
    <property name="PWD" value="/Users/saurabh/Downloads"/>
    <property name="sun.java.launcher" value="SUN_STANDARD"/>
    <property name="sun.management.compiler" value="HotSpot 64-Bit Tiered Compilers"/>
    <property name="JENKINS_HOME" value="/Users/saurabh/.jenkins"/>
    <property name="PATH" value="/usr/local/bin:/usr/bin:/bin:/usr/sbin:/sbin:/opt/X11/bin:/Library/Frameworks/Mono.framework/Versions/Current/Commands:/Library/Java/JavaVirtualMachines/jdk1.8.0_25.jdk/Contents/Home/bin:/Users/saurabh/Documents/MyStuff/Work/Technical/maven/apache-maven-3.2.3/bin:/Users/saurabh/Documents/MyStuff/Work/Programs/gradle-2.12/bin"/>
    <property name="HUDSON_SERVER_COOKIE" value="4850d1b7612208e6"/>
    <property name="POM_ARTIFACTID" value="chapter3_9"/>
    <property name="os.name" value="Mac OS X"/>
    <property name="TERM_PROGRAM" value="Apple_Terminal"/>
    <property name="sun.boot.class.path" value="/Library/Java/JavaVirtualMachines/jdk1.8.0_25.jdk/Contents/Home/jre/lib/resources.jar:/Library/Java/JavaVirtualMachines/jdk1.8.0_25.jdk/Contents/Home/jre/lib/rt.jar:/Library/Java/JavaVirtualMachines/jdk1.8.0_25.jdk/Contents/Home/jre/lib/sunrsasign.jar:/Library/Java/JavaVirtualMachines/jdk1.8.0_25.jdk/Contents/Home/jre/lib/jsse.jar:/Library/Java/JavaVirtualMachines/jdk1.8.0_25.jdk/Contents/Home/jre/lib/jce.jar:/Library/Java/JavaVirtualMachines/jdk1.8.0_25.jdk/Contents/Home/jre/lib/charsets.jar:/Library/Java/JavaVirtualMachines/jdk1.8.0_25.jdk/Contents/Home/jre/lib/jfr.jar:/Library/Java/JavaVirtualMachines/jdk1.8.0_25.jdk/Contents/Home/jre/classes"/>
    <property name="EXECUTOR_NUMBER" value="0"/>
    <property name="TERM_SESSION_ID" value="0CBA7467-17BC-4DCD-9616-32D8898C56DF"/>
    <property name="java.vm.specification.vendor" value="Oracle Corporation"/>
    <property name="POM_DISPLAYNAME" value="chapter3_9"/>
    <property name="NODE_LABELS" value="master"/>
    <property name="java.runtime.version" value="1.8.0_25-b17"/>
    <property name="user.name" value="saurabh"/>
    <property name="guice.disable.misplaced.annotation.check" value="true"/>
    <property name="user.language" value="en"/>
    <property name="JOB_BASE_NAME" value="Chapter3_9"/>
    <property name="RUN_CHANGES_DISPLAY_URL" value="http://unconfigured-jenkins-location/job/Chapter3_9/5/display/redirect?page=changes"/>
    <property name="BUILD_DISPLAY_NAME" value="#5"/>
    <property name="TMPDIR" value="/var/folders/qy/yg_ykb2s6j172lhjcjwj_ws80000gn/T/"/>
    <property name="sun.boot.library.path" value="/Library/Java/JavaVirtualMachines/jdk1.8.0_25.jdk/Contents/Home/jre/lib"/>
    <property name="GIT_PREVIOUS_SUCCESSFUL_COMMIT" value="f9917c7bf1179b1c750c00c890e4f60751a3cce7"/>
    <property name="DISPLAY" value="/private/tmp/com.apple.launchd.3k3tk7wKtm/org.macosforge.xquartz:0"/>
    <property name="java.version" value="1.8.0_25"/>
    <property name="XPC_FLAGS" value="0x0"/>
    <property name="user.timezone" value="America/New_York"/>
    <property name="sun.arch.data.model" value="64"/>
    <property name="NODE_NAME" value="master"/>
    <property name="TERM" value="xterm-256color"/>
    <property name="http.nonProxyHosts" value="local|*.local|169.254/16|*.169.254/16"/>
    <property name="java.endorsed.dirs" value="/Library/Java/JavaVirtualMachines/jdk1.8.0_25.jdk/Contents/Home/jre/lib/endorsed"/>
    <property name="BUILD_ID" value="5"/>
    <property name="sun.cpu.isalist" value=""/>
    <property name="sun.jnu.encoding" value="UTF-8"/>
    <property name="file.encoding.pkg" value="sun.io"/>
    <property name="SHELL" value="/bin/bash"/>
    <property name="file.separator" value="/"/>
    <property name="java.specification.name" value="Java Platform API Specification"/>
    <property name="java.class.version" value="52.0"/>
    <property name="org.slf4j.simpleLogger.defaultLogLevel" value="info"/>
    <property name="user.country" value="US"/>
    <property name="java.home" value="/Library/Java/JavaVirtualMachines/jdk1.8.0_25.jdk/Contents/Home/jre"/>
    <property name="java.vm.info" value="mixed mode"/>
    <property name="os.version" value="10.12.3"/>
    <property name="RUN_DISPLAY_URL" value="http://unconfigured-jenkins-location/job/Chapter3_9/5/display/redirect"/>
    <property name="POM_VERSION" value="1.0-SNAPSHOT"/>
    <property name="sun.font.fontmanager" value="sun.font.CFontManager"/>
    <property name="path.separator" value=":"/>
    <property name="java.vm.version" value="25.25-b02"/>
    <property name="JAVA_MAIN_CLASS_66550" value="Main"/>
    <property name="GIT_PREVIOUS_COMMIT" value="f8cec33eeb623e9f8f7080a1d066f505636cc255"/>
    <property name="JOB_DISPLAY_URL" value="http://unconfigured-jenkins-location/job/Chapter3_9/display/redirect"/>
    <property name="SHLVL" value="1"/>
    <property name="_" value="/usr/bin/java"/>
    <property name="java.awt.printerjob" value="sun.lwawt.macosx.CPrinterJob"/>
    <property name="GRADLE_HOME" value="/Users/saurabh/Documents/MyStuff/Work/Programs/gradle-2.12"/>
    <property name="JAVA_HOME" value="/Library/Java/JavaVirtualMachines/jdk1.8.0_25.jdk/Contents/Home"/>
    <property name="sun.io.unicode.encoding" value="UnicodeBig"/>
    <property name="awt.toolkit" value="sun.lwawt.macosx.LWCToolkit"/>
    <property name="LOGNAME" value="saurabh"/>
    <property name="socksNonProxyHosts" value="local|*.local|169.254/16|*.169.254/16"/>
    <property name="POM_PACKAGING" value="jar"/>
    <property name="ftp.nonProxyHosts" value="local|*.local|169.254/16|*.169.254/16"/>
    <property name="HOME" value="/Users/saurabh"/>
    <property name="POM_GROUPID" value="chapter3_9"/>
    <property name="user.home" value="/Users/saurabh"/>
    <property name="BUILD_TAG" value="jenkins-Chapter3_9-5"/>
    <property name="JENKINS_SERVER_COOKIE" value="4850d1b7612208e6"/>
    <property name="XPC_SERVICE_NAME" value="0"/>
    <property name="java.specification.vendor" value="Oracle Corporation"/>
    <property name="CLASSPATH" value=""/>
    <property name="java.vendor.url" value="http://java.oracle.com/"/>
    <property name="java.library.path" value="/Users/saurabh/Library/Java/Extensions:/Library/Java/Extensions:/Network/Library/Java/Extensions:/System/Library/Java/Extensions:/usr/lib/java:."/>
    <property name="Apple_PubSub_Socket_Render" value="/private/tmp/com.apple.launchd.94UBWH6XwB/Render"/>
    <property name="gopherProxySet" value="false"/>
    <property name="java.vm.vendor" value="Oracle Corporation"/>
    <property name="java.runtime.name" value="Java(TM) SE Runtime Environment"/>
    <property name="maven.home" value="/Users/saurabh/Documents/MyStuff/Work/Technical/maven/apache-maven-3.2.3"/>
    <property name="java.class.path" value="/Users/saurabh/.jenkins/plugins/maven-plugin/WEB-INF/lib/maven32-agent-1.8.1.jar:/Users/saurabh/Documents/MyStuff/Work/Technical/maven/apache-maven-3.2.3/boot/plexus-classworlds-2.5.1.jar:/Users/saurabh/Documents/MyStuff/Work/Technical/maven/apache-maven-3.2.3/conf/logging"/>
    <property name="sun.java.command" value="jenkins.maven3.agent.Maven32Main /Users/saurabh/Documents/MyStuff/Work/Technical/maven/apache-maven-3.2.3 /Users/saurabh/.jenkins/war/WEB-INF/lib/remoting-3.4.1.jar /Users/saurabh/.jenkins/plugins/maven-plugin/WEB-INF/lib/maven32-interceptor-1.8.1.jar /Users/saurabh/.jenkins/plugins/maven-plugin/WEB-INF/lib/maven3-interceptor-commons-1.8.1.jar 60586"/>
    <property name="java.vm.specification.name" value="Java Virtual Machine Specification"/>
    <property name="java.vm.specification.version" value="1.8"/>
    <property name="sun.os.patch.level" value="unknown"/>
    <property name="sun.cpu.endian" value="little"/>
    <property name="M2_HOME" value="/Users/saurabh/Documents/MyStuff/Work/Technical/maven/apache-maven-3.2.3"/>
    <property name="java.io.tmpdir" value="/var/folders/qy/yg_ykb2s6j172lhjcjwj_ws80000gn/T/"/>
    <property name="HUDSON_HOME" value="/Users/saurabh/.jenkins"/>
    <property name="PATH+MAVEN" value="/Users/saurabh/Documents/MyStuff/Work/Technical/maven/apache-maven-3.2.3/bin"/>
    <property name="java.vendor.url.bug" value="http://bugreport.sun.com/bugreport/"/>
    <property name="OLDPWD" value="/Users/saurabh"/>
    <property name="SSH_AUTH_SOCK" value="/private/tmp/com.apple.launchd.saaLgcnz4Y/Listeners"/>
    <property name="java.awt.graphicsenv" value="sun.awt.CGraphicsEnvironment"/>
    <property name="os.arch" value="x86_64"/>
    <property name="java.ext.dirs" value="/Users/saurabh/Library/Java/Extensions:/Library/Java/JavaVirtualMachines/jdk1.8.0_25.jdk/Contents/Home/jre/lib/ext:/Library/Java/Extensions:/Network/Library/Java/Extensions:/System/Library/Java/Extensions:/usr/lib/java"/>
    <property name="__CF_USER_TEXT_ENCODING" value="0x1F5:0x0:0x0"/>
    <property name="user.dir" value="/Users/saurabh/Documents/MyStuff/Work/Technical/Selenium/Ex_Files_Selenium_Testing_Tools/Final Example Code/Chapter3_9"/>
    <property name="line.separator" value="
"/>
    <property name="MAVEN_HOME" value="/Users/saurabh/Documents/MyStuff/Work/Technical/maven/apache-maven-3.2.3"/>
    <property name="java.vm.name" value="Java HotSpot(TM) 64-Bit Server VM"/>
    <property name="BUILD_NUMBER" value="5"/>
    <property name="TERM_PROGRAM_VERSION" value="388"/>
    <property name="GIT_BRANCH" value="origin/master"/>
    <property name="GIT_COMMIT" value="a7162301e4ef2498c63c009993b22796c2797f03"/>
    <property name="file.encoding" value="UTF-8"/>
    <property name="LANG" value="en_US.UTF-8"/>
    <property name="maven3.interceptor" value="/Users/saurabh/.jenkins/plugins/maven-plugin/WEB-INF/lib/maven32-interceptor-1.8.1.jar"/>
    <property name="WORKSPACE" value="/Users/saurabh/.jenkins/workspace/Chapter3_9"/>
    <property name="maven3.interceptor.common" value="/Users/saurabh/.jenkins/plugins/maven-plugin/WEB-INF/lib/maven3-interceptor-commons-1.8.1.jar"/>
    <property name="java.specification.version" value="1.8"/>
    <property name="USER" value="saurabh"/>
    <property name="GIT_URL" value="https://github.com/ss22740/selenium_chapter3_9"/>
  </properties>
  <testcase classname="packt.selenium.chap3_9.SearchGoogleTest" name="testGoogleSearch" time="4.316"/>
</testsuite>